<?xml version="1.0" encoding="UTF-8"?>
<!-- Generated by org.testng.reporters.JUnitReportReporter -->
<testsuite hostname="LAPTOP-CARFPD6P" failures="0" tests="2" name="First_Package.First" time="0.010" errors="0" timestamp="15 Feb 2022 06:29:18 GMT" skipped="0">
  <testcase classname="First_Package.First" name="searchTest" time="0.004"/>
  <testcase classname="First_Package.First" name="googleTitleTest" time="0.006"/>
</testsuite> <!-- First_Package.First -->
