<?xml version="1.0" encoding="UTF-8"?>
<!-- Generated by org.testng.reporters.JUnitReportReporter -->
<testsuite hostname="LAPTOP-CARFPD6P" failures="0" tests="3" name="com.crm.qa.testcases.Login_Page_Test" time="37.832" errors="0" timestamp="19 Feb 2022 16:12:23 GMT" skipped="0">
  <testcase classname="com.crm.qa.testcases.Login_Page_Test" name="loginPageTitleTest" time="7.595"/>
  <testcase classname="com.crm.qa.testcases.Login_Page_Test" name="loginPageForgotBtnTest" time="16.058"/>
  <testcase classname="com.crm.qa.testcases.Login_Page_Test" name="loginTest" time="14.179"/>
</testsuite> <!-- com.crm.qa.testcases.Login_Page_Test -->
